<?xml version="1.0" encoding="UTF-8"?>
<!-- Generated by org.testng.reporters.JUnitReportReporter -->
<testsuite skipped="0" hostname="DESKTOP-EFLCP9J" name="com.cloudmore.assignment.Assignment_PartC_Test" tests="4" failures="0" timestamp="2022-11-27T21:09:28 IST" time="20.840" errors="0">
  <testcase name="createWithArray_post" time="10.680" classname="com.cloudmore.assignment.Assignment_PartC_Test"/>
  <system-out/>
  <testcase name="deleteUserByUserName" time="5.206" classname="com.cloudmore.assignment.Assignment_PartC_Test"/>
  <system-out/>
  <testcase name="updateUser_put" time="3.441" classname="com.cloudmore.assignment.Assignment_PartC_Test"/>
  <system-out/>
  <testcase name="getUserByUserName" time="1.513" classname="com.cloudmore.assignment.Assignment_PartC_Test"/>
  <system-out/>
</testsuite> <!-- com.cloudmore.assignment.Assignment_PartC_Test -->
